Warning: A checksum of 'none' was specified. Since ISO files are so big,
a checksum is highly recommended.

  on template.pkr.hcl line 15:
  (source code not available)


[1;32mk8s-debian-amd64.virtualbox-iso.debian-amd64: output will be in this color.[0m

[1;32m==> k8s-debian-amd64.virtualbox-iso.debian-amd64: Retrieving Guest additions[0m
[1;32m==> k8s-debian-amd64.virtualbox-iso.debian-amd64: Trying /usr/share/virtualbox/VBoxGuestAdditions.iso[0m
[1;32m==> k8s-debian-amd64.virtualbox-iso.debian-amd64: Trying /usr/share/virtualbox/VBoxGuestAdditions.iso[0m
[1;32m==> k8s-debian-amd64.virtualbox-iso.debian-amd64: /usr/share/virtualbox/VBoxGuestAdditions.iso => /usr/share/virtualbox/VBoxGuestAdditions.iso[0m
[1;32m==> k8s-debian-amd64.virtualbox-iso.debian-amd64: Retrieving ISO[0m
[1;32m==> k8s-debian-amd64.virtualbox-iso.debian-amd64: Trying ./debian-12.11.0-amd64-netinst.iso[0m
[1;32m==> k8s-debian-amd64.virtualbox-iso.debian-amd64: Trying ./debian-12.11.0-amd64-netinst.iso[0m
[1;32m==> k8s-debian-amd64.virtualbox-iso.debian-amd64: ./debian-12.11.0-amd64-netinst.iso => /home/anubis/TG-VBC/debian-12.11.0-amd64-netinst.iso[0m
[1;32m==> k8s-debian-amd64.virtualbox-iso.debian-amd64: Starting HTTP server on port 8914[0m
[1;32m==> k8s-debian-amd64.virtualbox-iso.debian-amd64: Creating virtual machine...[0m
[1;32m==> k8s-debian-amd64.virtualbox-iso.debian-amd64: Creating hard drive output-debian-amd64/k8s-debian-amd64.vdi with size 12288 MiB...[0m
[1;32m==> k8s-debian-amd64.virtualbox-iso.debian-amd64: Mounting ISOs...[0m
[1;32m==> k8s-debian-amd64.virtualbox-iso.debian-amd64: Mounting boot ISO...[0m
[1;32m==> k8s-debian-amd64.virtualbox-iso.debian-amd64: Creating forwarded port mapping for communicator (SSH, WinRM, etc) (host port 4034)[0m
[1;32m==> k8s-debian-amd64.virtualbox-iso.debian-amd64: Starting the virtual machine...[0m
[1;32m==> k8s-debian-amd64.virtualbox-iso.debian-amd64: The VM will be run headless, without a GUI. If you want to
==> k8s-debian-amd64.virtualbox-iso.debian-amd64: view the screen of the VM, connect via VRDP without a password to
==> k8s-debian-amd64.virtualbox-iso.debian-amd64: rdp://127.0.0.1:5938[0m
[1;32m==> k8s-debian-amd64.virtualbox-iso.debian-amd64: Waiting 30s for boot...[0m
[1;32m==> k8s-debian-amd64.virtualbox-iso.debian-amd64: Typing the boot command...[0m
[1;32m==> k8s-debian-amd64.virtualbox-iso.debian-amd64: Using SSH communicator to connect: 127.0.0.1[0m
[1;32m==> k8s-debian-amd64.virtualbox-iso.debian-amd64: Waiting for SSH to become available...[0m
